<?xml version="1.0" encoding="UTF-8"?>
<!-- Generated by org.testng.reporters.JUnitReportReporter -->
<testsuite skipped="0" hostname="Dhillon" name="Test1" tests="1" failures="0" timestamp="29 Mar 2020 23:20:27 GMT" time="0.010" errors="0">
  <testcase name="test" time="0.010" classname="Test1"/>
</testsuite> <!-- Test1 -->
